<?xml version="1.0" encoding="UTF-8"?>
<!-- Generated by org.testng.reporters.JUnitXMLReporter -->
<testsuite hostname="LAPTOP-IIRF7F8F" ignored="0" name="facebookTests" tests="7" failures="1" timestamp="2020-11-26T13:17:46 EST" time="153.114" errors="0">
  <testcase name="SignUPTest" time="14.982" classname="com.facebook.testCases.TC_SignUPTest_001"/>
  <testcase name="signUpTest" time="15.006" classname="com.facebook.testCases.TC_SignUpDDT_002"/>
  <testcase name="signUpTest" time="14.118" classname="com.facebook.testCases.TC_SignUpDDT_002"/>
  <testcase name="signUpTest" time="13.115" classname="com.facebook.testCases.TC_SignUpDDT_002"/>
  <testcase name="signUpTest" time="12.97" classname="com.facebook.testCases.TC_SignUpDDT_002"/>
  <testcase name="LoginTest" time="15.346" classname="com.facebook.testCases.TC_LoginTest_003"/>
  <testcase name="HomePage" time="49.011" classname="com.facebook.testCases.TC_HomePage_004">
    <failure type="org.openqa.selenium.NoSuchElementException" message="no such element: Unable to locate element: {&amp;quot;method&amp;quot;:&amp;quot;xpath&amp;quot;,&amp;quot;selector&amp;quot;:&amp;quot;//div[@class=&amp;apos;cwj9ozl2 j83agx80 pfnyh3mw taijpn5t dhxd5tqv hv4rvrfc f10w8fjw dati1w0a l9j0dhe7&amp;apos;]&amp;quot;}
  (Session info: chrome=87.0.4280.66)
For documentation on this error, please visit: https://selenium.dev/exceptions/#no_such_element
Build info: version: &amp;apos;4.0.0-alpha-6&amp;apos;, revision: &amp;apos;5f43a29cfc&amp;apos;
System info: host: &amp;apos;LAPTOP-IIRF7F8F&amp;apos;, ip: &amp;apos;192.168.4.29&amp;apos;, os.name: &amp;apos;Windows 10&amp;apos;, os.arch: &amp;apos;amd64&amp;apos;, os.version: &amp;apos;10.0&amp;apos;, java.version: &amp;apos;1.8.0_221&amp;apos;
Driver info: org.openqa.selenium.chrome.ChromeDriver
Capabilities {acceptInsecureCerts: false, browserName: chrome, browserVersion: 87.0.4280.66, chrome: {chromedriverVersion: 87.0.4280.20 (c99e81631faa0..., userDataDir: C:\Users\muhas\AppData\Loca...}, goog:chromeOptions: {debuggerAddress: localhost:65313}, javascriptEnabled: true, networkConnectionEnabled: false, pageLoadStrategy: normal, platform: WINDOWS, platformName: WINDOWS, proxy: Proxy(), setWindowRect: true, strictFileInteractability: false, timeouts: {implicit: 0, pageLoad: 300000, script: 30000}, unhandledPromptBehavior: dismiss and notify, webauthn:virtualAuthenticators: true}
Session ID: 63a01861e2e02694eabeaff34ad25e0e
*** Element info: {Using=xpath, value=//div[@class=&amp;apos;cwj9ozl2 j83agx80 pfnyh3mw taijpn5t dhxd5tqv hv4rvrfc f10w8fjw dati1w0a l9j0dhe7&amp;apos;]}">
      <![CDATA[org.openqa.selenium.NoSuchElementException: no such element: Unable to locate element: {"method":"xpath","selector":"//div[@class='cwj9ozl2 j83agx80 pfnyh3mw taijpn5t dhxd5tqv hv4rvrfc f10w8fjw dati1w0a l9j0dhe7']"}
  (Session info: chrome=87.0.4280.66)
For documentation on this error, please visit: https://selenium.dev/exceptions/#no_such_element
Build info: version: '4.0.0-alpha-6', revision: '5f43a29cfc'
System info: host: 'LAPTOP-IIRF7F8F', ip: '192.168.4.29', os.name: 'Windows 10', os.arch: 'amd64', os.version: '10.0', java.version: '1.8.0_221'
Driver info: org.openqa.selenium.chrome.ChromeDriver
Capabilities {acceptInsecureCerts: false, browserName: chrome, browserVersion: 87.0.4280.66, chrome: {chromedriverVersion: 87.0.4280.20 (c99e81631faa0..., userDataDir: C:\Users\muhas\AppData\Loca...}, goog:chromeOptions: {debuggerAddress: localhost:65313}, javascriptEnabled: true, networkConnectionEnabled: false, pageLoadStrategy: normal, platform: WINDOWS, platformName: WINDOWS, proxy: Proxy(), setWindowRect: true, strictFileInteractability: false, timeouts: {implicit: 0, pageLoad: 300000, script: 30000}, unhandledPromptBehavior: dismiss and notify, webauthn:virtualAuthenticators: true}
Session ID: 63a01861e2e02694eabeaff34ad25e0e
*** Element info: {Using=xpath, value=//div[@class='cwj9ozl2 j83agx80 pfnyh3mw taijpn5t dhxd5tqv hv4rvrfc f10w8fjw dati1w0a l9j0dhe7']}
at org.openqa.selenium.remote.codec.w3c.W3CHttpResponseCodec.createException(W3CHttpResponseCodec.java:196)
at org.openqa.selenium.remote.codec.w3c.W3CHttpResponseCodec.decode(W3CHttpResponseCodec.java:129)
at org.openqa.selenium.remote.codec.w3c.W3CHttpResponseCodec.decode(W3CHttpResponseCodec.java:53)
at org.openqa.selenium.remote.HttpCommandExecutor.execute(HttpCommandExecutor.java:160)
at org.openqa.selenium.remote.service.DriverCommandExecutor.execute(DriverCommandExecutor.java:83)
at org.openqa.selenium.remote.RemoteWebDriver.execute(RemoteWebDriver.java:582)
at org.openqa.selenium.remote.RemoteWebDriver.findElement(RemoteWebDriver.java:333)
at org.openqa.selenium.remote.RemoteWebDriver.findElementByXPath(RemoteWebDriver.java:451)
at org.openqa.selenium.By$ByXPath.findElement(By.java:394)
at org.openqa.selenium.remote.RemoteWebDriver.findElement(RemoteWebDriver.java:325)
at org.openqa.selenium.support.pagefactory.DefaultElementLocator.findElement(DefaultElementLocator.java:70)
at org.openqa.selenium.support.pagefactory.internal.LocatingElementHandler.invoke(LocatingElementHandler.java:39)
at com.sun.proxy.$Proxy20.click(Unknown Source)
at com.facebook.pageObjects.HomePage.setCreatestory(HomePage.java:81)
at com.facebook.testCases.TC_HomePage_004.HomePage(TC_HomePage_004.java:34)
at java.util.ArrayList.forEach(ArrayList.java:1257)
at java.util.concurrent.FutureTask.run(FutureTask.java:266)
at java.util.concurrent.ThreadPoolExecutor.runWorker(ThreadPoolExecutor.java:1149)
at java.util.concurrent.ThreadPoolExecutor$Worker.run(ThreadPoolExecutor.java:624)
at java.lang.Thread.run(Thread.java:748)
... Removed 22 stack frames]]>
    </failure>
  </testcase> <!-- HomePage -->
</testsuite> <!-- facebookTests -->
