<?xml version="1.0" encoding="UTF-8"?>
<!-- Generated by org.testng.reporters.JUnitXMLReporter -->
<testsuite hostname="LAPTOP-IIRF7F8F" ignored="0" name="mytest" tests="1" failures="0" timestamp="2020-11-06T15:41:51 EST" time="0.119" errors="0">
  <testcase name="@BeforeClass setup" time="-1.604695311396E9" classname="com.facebook.testBase.BaseClass">
    <failure type="org.testng.TestNGException" message="
Parameter &amp;apos;browser&amp;apos; is required by BeforeClass on method setup but has not been marked @Optional or defined
in C:\Users\muhas\eclipse-workspace2\facebook_app\testng.xml">
      <![CDATA[org.testng.TestNGException: 
Parameter 'browser' is required by BeforeClass on method setup but has not been marked @Optional or defined
in C:\Users\muhas\eclipse-workspace2\facebook_app\testng.xml
at java.util.ArrayList.forEach(ArrayList.java:1257)
... Removed 22 stack frames]]>
    </failure>
  </testcase> <!-- @BeforeClass setup -->
  <testcase name="@AfterClass tearDown" time="-1.60469531149E9" classname="com.facebook.testBase.BaseClass">
    <skipped/>
  </testcase> <!-- @AfterClass tearDown -->
  <testcase name="SignUPTest" time="0.0" classname="com.facebook.testCases.TC_SignUPTest_001">
    <skipped/>
  </testcase> <!-- SignUPTest -->
</testsuite> <!-- mytest -->
