<!DOCTYPE html PUBLIC "-//W3C//DTD XHTML 1.1//EN" "https://www.w3.org/TR/xhtml11/DTD/xhtml11.dtd">
<html xmlns="https://www.w3.org/1999/xhtml">
<head>
<meta http-equiv="content-type" content="text/html; charset=UTF-8"/>
<title>TestNG Report</title>
<style type="text/css">table {margin-bottom:10px;border-collapse:collapse;empty-cells:show}th,td {border:1px solid #009;padding:.25em .5em}th {vertical-align:bottom}td {vertical-align:top}table a {font-weight:bold}.stripe td {background-color: #E6EBF9}.num {text-align:right}.passedodd td {background-color: #3F3}.passedeven td {background-color: #0A0}.skippedodd td {background-color: #DDD}.skippedeven td {background-color: #CCC}.failedodd td,.attn {background-color: #F33}.failedeven td,.stripe .attn {background-color: #D00}.stacktrace {white-space:pre;font-family:monospace}.totop {font-size:85%;text-align:center;border-bottom:2px solid #000}.invisible {display:none}</style>
</head>
<body>
<table>
<tr><th>Test</th><th># Passed</th><th># Skipped</th><th># Retried</th><th># Failed</th><th>Time (ms)</th><th>Included Groups</th><th>Excluded Groups</th></tr>
<tr><th colspan="8">facebook CrossBrowser Suite</th></tr>
<tr><td><a href="#t0">facebookTests</a></td><td class="num">6</td><td class="num">0</td><td class="num">0</td><td class="num attn">1</td><td class="num">153,114</td><td></td><td></td></tr>
<tr><th colspan="8">facebook Group Suite</th></tr>
<tr class="stripe"><td><a href="#t1">facebookTests</a></td><td class="num">2</td><td class="num">0</td><td class="num">0</td><td class="num">0</td><td class="num">37,464</td><td>sanity</td><td></td></tr>
<tr><th colspan="8">facebook Master Suite</th></tr>
<tr><td><a href="#t2">facebookTests</a></td><td class="num">6</td><td class="num">0</td><td class="num">0</td><td class="num attn">2</td><td class="num">211,436</td><td></td><td></td></tr>
<tr><th>Total</th><th class="num">14</th><th class="num">0</th><th class="num">0</th><th class="num attn">3</th><th class="num">402,014</th><th colspan="2"></th></tr>
</table>
<table id='summary'><thead><tr><th>Class</th><th>Method</th><th>Start</th><th>Time (ms)</th></tr></thead><tbody><tr><th colspan="4">facebook CrossBrowser Suite</th></tr></tbody><tbody id="t0"><tr><th colspan="4">facebookTests &#8212; failed</th></tr><tr class="failedeven"><td rowspan="1">com.facebook.testCases.TC_HomePage_004</td><td><a href="#m0">HomePage</a></td><td rowspan="1">1606414617233</td><td rowspan="1">49011</td></tr><tr><th colspan="4">facebookTests &#8212; passed</th></tr><tr class="passedeven"><td rowspan="1">com.facebook.testCases.TC_LoginTest_003</td><td><a href="#m1">LoginTest</a></td><td rowspan="1">1606414597280</td><td rowspan="1">15346</td></tr><tr class="passedodd"><td rowspan="1">com.facebook.testCases.TC_SignUPTest_001</td><td><a href="#m2">SignUPTest</a></td><td rowspan="1">1606414517344</td><td rowspan="1">14982</td></tr><tr class="passedeven"><td rowspan="4">com.facebook.testCases.TC_SignUpDDT_002</td><td><a href="#m3">signUpTest</a></td><td rowspan="4">1606414566094</td><td rowspan="4">13115</td></tr><tr class="passedeven"><td><a href="#m4">signUpTest</a></td></tr><tr class="passedeven"><td><a href="#m5">signUpTest</a></td></tr><tr class="passedeven"><td><a href="#m6">signUpTest</a></td></tr></tbody>
<tbody><tr><th colspan="4">facebook Group Suite</th></tr></tbody><tbody id="t1"><tr><th colspan="4">facebookTests &#8212; passed</th></tr><tr class="passedeven"><td rowspan="1">com.facebook.testCases.TC_LoginTest_003</td><td><a href="#m7">LoginTest</a></td><td rowspan="1">1606414479254</td><td rowspan="1">14524</td></tr><tr class="passedodd"><td rowspan="1">com.facebook.testCases.TC_SignUPTest_001</td><td><a href="#m8">SignUPTest</a></td><td rowspan="1">1606414498339</td><td rowspan="1">13995</td></tr></tbody>
<tbody><tr><th colspan="4">facebook Master Suite</th></tr></tbody><tbody id="t2"><tr><th colspan="4">facebookTests &#8212; failed</th></tr><tr class="failedeven"><td rowspan="1">com.facebook.testCases.TC_Groups_005</td><td><a href="#m9">GroupsPage</a></td><td rowspan="1">1606414275954</td><td rowspan="1">37869</td></tr><tr class="failedodd"><td rowspan="1">com.facebook.testCases.TC_HomePage_004</td><td><a href="#m10">HomePage</a></td><td rowspan="1">1606414323976</td><td rowspan="1">46901</td></tr><tr><th colspan="4">facebookTests &#8212; passed</th></tr><tr class="passedeven"><td rowspan="1">com.facebook.testCases.TC_LoginTest_003</td><td><a href="#m11">LoginTest</a></td><td rowspan="1">1606414375180</td><td rowspan="1">14706</td></tr><tr class="passedodd"><td rowspan="1">com.facebook.testCases.TC_SignUPTest_001</td><td><a href="#m12">SignUPTest</a></td><td rowspan="1">1606414458086</td><td rowspan="1">15746</td></tr><tr class="passedeven"><td rowspan="4">com.facebook.testCases.TC_SignUpDDT_002</td><td><a href="#m13">signUpTest</a></td><td rowspan="4">1606414400205</td><td rowspan="4">14091</td></tr><tr class="passedeven"><td><a href="#m14">signUpTest</a></td></tr><tr class="passedeven"><td><a href="#m15">signUpTest</a></td></tr><tr class="passedeven"><td><a href="#m16">signUpTest</a></td></tr></tbody>
</table>
<h2>facebookTests</h2><h3 id="m0">com.facebook.testCases.TC_HomePage_004#HomePage</h3><table class="result"><tr><th>Exception</th></tr><tr><td><div class="stacktrace">org.openqa.selenium.NoSuchElementException: no such element: Unable to locate element: {&quot;method&quot;:&quot;xpath&quot;,&quot;selector&quot;:&quot;//div[@class=&apos;cwj9ozl2 j83agx80 pfnyh3mw taijpn5t dhxd5tqv hv4rvrfc f10w8fjw dati1w0a l9j0dhe7&apos;]&quot;}
  (Session info: chrome=87.0.4280.66)
For documentation on this error, please visit: https://selenium.dev/exceptions/#no_such_element
Build info: version: &apos;4.0.0-alpha-6&apos;, revision: &apos;5f43a29cfc&apos;
System info: host: &apos;LAPTOP-IIRF7F8F&apos;, ip: &apos;192.168.4.29&apos;, os.name: &apos;Windows 10&apos;, os.arch: &apos;amd64&apos;, os.version: &apos;10.0&apos;, java.version: &apos;1.8.0_221&apos;
Driver info: org.openqa.selenium.chrome.ChromeDriver
Capabilities {acceptInsecureCerts: false, browserName: chrome, browserVersion: 87.0.4280.66, chrome: {chromedriverVersion: 87.0.4280.20 (c99e81631faa0..., userDataDir: C:\Users\muhas\AppData\Loca...}, goog:chromeOptions: {debuggerAddress: localhost:65313}, javascriptEnabled: true, networkConnectionEnabled: false, pageLoadStrategy: normal, platform: WINDOWS, platformName: WINDOWS, proxy: Proxy(), setWindowRect: true, strictFileInteractability: false, timeouts: {implicit: 0, pageLoad: 300000, script: 30000}, unhandledPromptBehavior: dismiss and notify, webauthn:virtualAuthenticators: true}
Session ID: 63a01861e2e02694eabeaff34ad25e0e
*** Element info: {Using=xpath, value=//div[@class=&apos;cwj9ozl2 j83agx80 pfnyh3mw taijpn5t dhxd5tqv hv4rvrfc f10w8fjw dati1w0a l9j0dhe7&apos;]}
	at org.openqa.selenium.remote.codec.w3c.W3CHttpResponseCodec.createException(W3CHttpResponseCodec.java:196)
	at org.openqa.selenium.remote.codec.w3c.W3CHttpResponseCodec.decode(W3CHttpResponseCodec.java:129)
	at org.openqa.selenium.remote.codec.w3c.W3CHttpResponseCodec.decode(W3CHttpResponseCodec.java:53)
	at org.openqa.selenium.remote.HttpCommandExecutor.execute(HttpCommandExecutor.java:160)
	at org.openqa.selenium.remote.service.DriverCommandExecutor.execute(DriverCommandExecutor.java:83)
	at org.openqa.selenium.remote.RemoteWebDriver.execute(RemoteWebDriver.java:582)
	at org.openqa.selenium.remote.RemoteWebDriver.findElement(RemoteWebDriver.java:333)
	at org.openqa.selenium.remote.RemoteWebDriver.findElementByXPath(RemoteWebDriver.java:451)
	at org.openqa.selenium.By$ByXPath.findElement(By.java:394)
	at org.openqa.selenium.remote.RemoteWebDriver.findElement(RemoteWebDriver.java:325)
	at org.openqa.selenium.support.pagefactory.DefaultElementLocator.findElement(DefaultElementLocator.java:70)
	at org.openqa.selenium.support.pagefactory.internal.LocatingElementHandler.invoke(LocatingElementHandler.java:39)
	at com.sun.proxy.$Proxy20.click(Unknown Source)
	at com.facebook.pageObjects.HomePage.setCreatestory(HomePage.java:81)
	at com.facebook.testCases.TC_HomePage_004.HomePage(TC_HomePage_004.java:34)
	at java.util.ArrayList.forEach(ArrayList.java:1257)
	at java.util.concurrent.FutureTask.run(FutureTask.java:266)
	at java.util.concurrent.ThreadPoolExecutor.runWorker(ThreadPoolExecutor.java:1149)
	at java.util.concurrent.ThreadPoolExecutor$Worker.run(ThreadPoolExecutor.java:624)
	at java.lang.Thread.run(Thread.java:748)
... Removed 22 stack frames</div></td></tr></table><p class="totop"><a href="#summary">back to summary</a></p>
<h3 id="m1">com.facebook.testCases.TC_LoginTest_003#LoginTest</h3><table class="result"><tr><th class="invisible"/></tr></table><p class="totop"><a href="#summary">back to summary</a></p>
<h3 id="m2">com.facebook.testCases.TC_SignUPTest_001#SignUPTest</h3><table class="result"><tr><th class="invisible"/></tr></table><p class="totop"><a href="#summary">back to summary</a></p>
<h3 id="m3">com.facebook.testCases.TC_SignUpDDT_002#signUpTest</h3><table class="result"><tr class="param"><th>Parameter #1</th><th>Parameter #2</th><th>Parameter #3</th><th>Parameter #4</th><th>Parameter #5</th><th>Parameter #6</th><th>Parameter #7</th><th>Parameter #8</th><th>Parameter #9</th></tr><tr class="param stripe"><td>Asif</td><td>Khan</td><td>khanasif.qa@gmail.com</td><td>Rabika2020</td><td>Mar</td><td>4</td><td>1990</td><td>Male</td><td>failed</td></tr></table><p class="totop"><a href="#summary">back to summary</a></p>
<h3 id="m4">com.facebook.testCases.TC_SignUpDDT_002#signUpTest</h3><table class="result"><tr class="param"><th>Parameter #1</th><th>Parameter #2</th><th>Parameter #3</th><th>Parameter #4</th><th>Parameter #5</th><th>Parameter #6</th><th>Parameter #7</th><th>Parameter #8</th><th>Parameter #9</th></tr><tr class="param stripe"><td>Asif</td><td>Kan</td><td>khanasif.qa@gmail.com</td><td>Rabika2020@</td><td>Mar</td><td>4</td><td>1990</td><td>Male</td><td>failed</td></tr></table><p class="totop"><a href="#summary">back to summary</a></p>
<h3 id="m5">com.facebook.testCases.TC_SignUpDDT_002#signUpTest</h3><table class="result"><tr class="param"><th>Parameter #1</th><th>Parameter #2</th><th>Parameter #3</th><th>Parameter #4</th><th>Parameter #5</th><th>Parameter #6</th><th>Parameter #7</th><th>Parameter #8</th><th>Parameter #9</th></tr><tr class="param stripe"><td>Asif</td><td>Khan</td><td>khanasif@gmail.com</td><td>Rabika2020@</td><td>Mar</td><td>4</td><td>1990</td><td>Male</td><td>failed</td></tr></table><p class="totop"><a href="#summary">back to summary</a></p>
<h3 id="m6">com.facebook.testCases.TC_SignUpDDT_002#signUpTest</h3><table class="result"><tr class="param"><th>Parameter #1</th><th>Parameter #2</th><th>Parameter #3</th><th>Parameter #4</th><th>Parameter #5</th><th>Parameter #6</th><th>Parameter #7</th><th>Parameter #8</th><th>Parameter #9</th></tr><tr class="param stripe"><td>Asif</td><td>Khan</td><td>khanasif.qa@gmail.com</td><td>Rabika2020@</td><td>Mar</td><td>4</td><td>1990</td><td>Male</td><td>Passed</td></tr></table><p class="totop"><a href="#summary">back to summary</a></p>
<h2>facebookTests</h2><h3 id="m7">com.facebook.testCases.TC_LoginTest_003#LoginTest</h3><table class="result"><tr><th class="invisible"/></tr></table><p class="totop"><a href="#summary">back to summary</a></p>
<h3 id="m8">com.facebook.testCases.TC_SignUPTest_001#SignUPTest</h3><table class="result"><tr><th class="invisible"/></tr></table><p class="totop"><a href="#summary">back to summary</a></p>
<h2>facebookTests</h2><h3 id="m9">com.facebook.testCases.TC_Groups_005#GroupsPage</h3><table class="result"><tr><th>Exception</th></tr><tr><td><div class="stacktrace">org.openqa.selenium.StaleElementReferenceException: stale element reference: element is not attached to the page document
  (Session info: chrome=87.0.4280.66)
For documentation on this error, please visit: https://selenium.dev/exceptions/#stale_element_reference
Build info: version: &apos;4.0.0-alpha-6&apos;, revision: &apos;5f43a29cfc&apos;
System info: host: &apos;LAPTOP-IIRF7F8F&apos;, ip: &apos;192.168.4.29&apos;, os.name: &apos;Windows 10&apos;, os.arch: &apos;amd64&apos;, os.version: &apos;10.0&apos;, java.version: &apos;1.8.0_221&apos;
Driver info: org.openqa.selenium.chrome.ChromeDriver
Capabilities {acceptInsecureCerts: false, browserName: chrome, browserVersion: 87.0.4280.66, chrome: {chromedriverVersion: 87.0.4280.20 (c99e81631faa0..., userDataDir: C:\Users\muhas\AppData\Loca...}, goog:chromeOptions: {debuggerAddress: localhost:64812}, javascriptEnabled: true, networkConnectionEnabled: false, pageLoadStrategy: normal, platform: WINDOWS, platformName: WINDOWS, proxy: Proxy(), setWindowRect: true, strictFileInteractability: false, timeouts: {implicit: 0, pageLoad: 300000, script: 30000}, unhandledPromptBehavior: dismiss and notify, webauthn:virtualAuthenticators: true}
Session ID: 7e2560205993e9869f77946e21d0a54c
	at org.openqa.selenium.remote.codec.w3c.W3CHttpResponseCodec.createException(W3CHttpResponseCodec.java:196)
	at org.openqa.selenium.remote.codec.w3c.W3CHttpResponseCodec.decode(W3CHttpResponseCodec.java:129)
	at org.openqa.selenium.remote.codec.w3c.W3CHttpResponseCodec.decode(W3CHttpResponseCodec.java:53)
	at org.openqa.selenium.remote.HttpCommandExecutor.execute(HttpCommandExecutor.java:160)
	at org.openqa.selenium.remote.service.DriverCommandExecutor.execute(DriverCommandExecutor.java:83)
	at org.openqa.selenium.remote.RemoteWebDriver.execute(RemoteWebDriver.java:582)
	at org.openqa.selenium.remote.RemoteWebElement.execute(RemoteWebElement.java:316)
	at org.openqa.selenium.remote.RemoteWebElement.click(RemoteWebElement.java:85)
	at org.openqa.selenium.support.pagefactory.internal.LocatingElementHandler.invoke(LocatingElementHandler.java:52)
	at com.sun.proxy.$Proxy20.click(Unknown Source)
	at com.facebook.pageObjects.GroupsPage.clickcreatenewgroup(GroupsPage.java:83)
	at com.facebook.testCases.TC_Groups_005.GroupsPage(TC_Groups_005.java:38)
	at java.util.ArrayList.forEach(ArrayList.java:1257)
... Removed 39 stack frames</div></td></tr></table><p class="totop"><a href="#summary">back to summary</a></p>
<h3 id="m10">com.facebook.testCases.TC_HomePage_004#HomePage</h3><table class="result"><tr><th>Exception</th></tr><tr><td><div class="stacktrace">org.openqa.selenium.NoSuchElementException: no such element: Unable to locate element: {&quot;method&quot;:&quot;xpath&quot;,&quot;selector&quot;:&quot;//div[@class=&apos;cwj9ozl2 j83agx80 pfnyh3mw taijpn5t dhxd5tqv hv4rvrfc f10w8fjw dati1w0a l9j0dhe7&apos;]&quot;}
  (Session info: chrome=87.0.4280.66)
For documentation on this error, please visit: https://selenium.dev/exceptions/#no_such_element
Build info: version: &apos;4.0.0-alpha-6&apos;, revision: &apos;5f43a29cfc&apos;
System info: host: &apos;LAPTOP-IIRF7F8F&apos;, ip: &apos;192.168.4.29&apos;, os.name: &apos;Windows 10&apos;, os.arch: &apos;amd64&apos;, os.version: &apos;10.0&apos;, java.version: &apos;1.8.0_221&apos;
Driver info: org.openqa.selenium.chrome.ChromeDriver
Capabilities {acceptInsecureCerts: false, browserName: chrome, browserVersion: 87.0.4280.66, chrome: {chromedriverVersion: 87.0.4280.20 (c99e81631faa0..., userDataDir: C:\Users\muhas\AppData\Loca...}, goog:chromeOptions: {debuggerAddress: localhost:64868}, javascriptEnabled: true, networkConnectionEnabled: false, pageLoadStrategy: normal, platform: WINDOWS, platformName: WINDOWS, proxy: Proxy(), setWindowRect: true, strictFileInteractability: false, timeouts: {implicit: 0, pageLoad: 300000, script: 30000}, unhandledPromptBehavior: dismiss and notify, webauthn:virtualAuthenticators: true}
Session ID: 67da16fca6b14d345928d87d2223f205
*** Element info: {Using=xpath, value=//div[@class=&apos;cwj9ozl2 j83agx80 pfnyh3mw taijpn5t dhxd5tqv hv4rvrfc f10w8fjw dati1w0a l9j0dhe7&apos;]}
	at org.openqa.selenium.remote.codec.w3c.W3CHttpResponseCodec.createException(W3CHttpResponseCodec.java:196)
	at org.openqa.selenium.remote.codec.w3c.W3CHttpResponseCodec.decode(W3CHttpResponseCodec.java:129)
	at org.openqa.selenium.remote.codec.w3c.W3CHttpResponseCodec.decode(W3CHttpResponseCodec.java:53)
	at org.openqa.selenium.remote.HttpCommandExecutor.execute(HttpCommandExecutor.java:160)
	at org.openqa.selenium.remote.service.DriverCommandExecutor.execute(DriverCommandExecutor.java:83)
	at org.openqa.selenium.remote.RemoteWebDriver.execute(RemoteWebDriver.java:582)
	at org.openqa.selenium.remote.RemoteWebDriver.findElement(RemoteWebDriver.java:333)
	at org.openqa.selenium.remote.RemoteWebDriver.findElementByXPath(RemoteWebDriver.java:451)
	at org.openqa.selenium.By$ByXPath.findElement(By.java:394)
	at org.openqa.selenium.remote.RemoteWebDriver.findElement(RemoteWebDriver.java:325)
	at org.openqa.selenium.support.pagefactory.DefaultElementLocator.findElement(DefaultElementLocator.java:70)
	at org.openqa.selenium.support.pagefactory.internal.LocatingElementHandler.invoke(LocatingElementHandler.java:39)
	at com.sun.proxy.$Proxy20.click(Unknown Source)
	at com.facebook.pageObjects.HomePage.setCreatestory(HomePage.java:81)
	at com.facebook.testCases.TC_HomePage_004.HomePage(TC_HomePage_004.java:34)
	at java.util.ArrayList.forEach(ArrayList.java:1257)
... Removed 35 stack frames</div></td></tr></table><p class="totop"><a href="#summary">back to summary</a></p>
<h3 id="m11">com.facebook.testCases.TC_LoginTest_003#LoginTest</h3><table class="result"><tr><th class="invisible"/></tr></table><p class="totop"><a href="#summary">back to summary</a></p>
<h3 id="m12">com.facebook.testCases.TC_SignUPTest_001#SignUPTest</h3><table class="result"><tr><th class="invisible"/></tr></table><p class="totop"><a href="#summary">back to summary</a></p>
<h3 id="m13">com.facebook.testCases.TC_SignUpDDT_002#signUpTest</h3><table class="result"><tr class="param"><th>Parameter #1</th><th>Parameter #2</th><th>Parameter #3</th><th>Parameter #4</th><th>Parameter #5</th><th>Parameter #6</th><th>Parameter #7</th><th>Parameter #8</th><th>Parameter #9</th></tr><tr class="param stripe"><td>Asif</td><td>Khan</td><td>khanasif.qa@gmail.com</td><td>Rabika2020@</td><td>Mar</td><td>4</td><td>1990</td><td>Male</td><td>Passed</td></tr></table><p class="totop"><a href="#summary">back to summary</a></p>
<h3 id="m14">com.facebook.testCases.TC_SignUpDDT_002#signUpTest</h3><table class="result"><tr class="param"><th>Parameter #1</th><th>Parameter #2</th><th>Parameter #3</th><th>Parameter #4</th><th>Parameter #5</th><th>Parameter #6</th><th>Parameter #7</th><th>Parameter #8</th><th>Parameter #9</th></tr><tr class="param stripe"><td>Asif</td><td>Kan</td><td>khanasif.qa@gmail.com</td><td>Rabika2020@</td><td>Mar</td><td>4</td><td>1990</td><td>Male</td><td>failed</td></tr></table><p class="totop"><a href="#summary">back to summary</a></p>
<h3 id="m15">com.facebook.testCases.TC_SignUpDDT_002#signUpTest</h3><table class="result"><tr class="param"><th>Parameter #1</th><th>Parameter #2</th><th>Parameter #3</th><th>Parameter #4</th><th>Parameter #5</th><th>Parameter #6</th><th>Parameter #7</th><th>Parameter #8</th><th>Parameter #9</th></tr><tr class="param stripe"><td>Asif</td><td>Khan</td><td>khanasif.qa@gmail.com</td><td>Rabika2020</td><td>Mar</td><td>4</td><td>1990</td><td>Male</td><td>failed</td></tr></table><p class="totop"><a href="#summary">back to summary</a></p>
<h3 id="m16">com.facebook.testCases.TC_SignUpDDT_002#signUpTest</h3><table class="result"><tr class="param"><th>Parameter #1</th><th>Parameter #2</th><th>Parameter #3</th><th>Parameter #4</th><th>Parameter #5</th><th>Parameter #6</th><th>Parameter #7</th><th>Parameter #8</th><th>Parameter #9</th></tr><tr class="param stripe"><td>Asif</td><td>Khan</td><td>khanasif@gmail.com</td><td>Rabika2020@</td><td>Mar</td><td>4</td><td>1990</td><td>Male</td><td>failed</td></tr></table><p class="totop"><a href="#summary">back to summary</a></p>
</body>
</html>
