<?xml version="1.0" encoding="UTF-8"?>
<testng-results skipped="0" failed="3" ignored="3" total="20" passed="14">
  <reporter-output>
  </reporter-output>
  <suite name="facebook CrossBrowser Suite" duration-ms="153114" started-at="2020-11-26T13:15:13 EST" finished-at="2020-11-26T13:17:46 EST">
    <groups>
      <group name="regression">
        <method signature="TC_HomePage_004.HomePage()[pri:0, instance:com.facebook.testCases.TC_HomePage_004@6989da5e]" name="HomePage" class="com.facebook.testCases.TC_HomePage_004"/>
        <method signature="TC_LoginTest_003.LoginTest()[pri:0, instance:com.facebook.testCases.TC_LoginTest_003@5aa9e4eb]" name="LoginTest" class="com.facebook.testCases.TC_LoginTest_003"/>
        <method signature="TC_SignUPTest_001.SignUPTest()[pri:0, instance:com.facebook.testCases.TC_SignUPTest_001@10683d9d]" name="SignUPTest" class="com.facebook.testCases.TC_SignUPTest_001"/>
      </group> <!-- regression -->
      <group name="sanity">
        <method signature="TC_LoginTest_003.LoginTest()[pri:0, instance:com.facebook.testCases.TC_LoginTest_003@5aa9e4eb]" name="LoginTest" class="com.facebook.testCases.TC_LoginTest_003"/>
        <method signature="TC_SignUPTest_001.SignUPTest()[pri:0, instance:com.facebook.testCases.TC_SignUPTest_001@10683d9d]" name="SignUPTest" class="com.facebook.testCases.TC_SignUPTest_001"/>
      </group> <!-- sanity -->
      <group name="master">
        <method signature="TC_HomePage_004.HomePage()[pri:0, instance:com.facebook.testCases.TC_HomePage_004@6989da5e]" name="HomePage" class="com.facebook.testCases.TC_HomePage_004"/>
        <method signature="TC_LoginTest_003.LoginTest()[pri:0, instance:com.facebook.testCases.TC_LoginTest_003@5aa9e4eb]" name="LoginTest" class="com.facebook.testCases.TC_LoginTest_003"/>
        <method signature="TC_SignUPTest_001.SignUPTest()[pri:0, instance:com.facebook.testCases.TC_SignUPTest_001@10683d9d]" name="SignUPTest" class="com.facebook.testCases.TC_SignUPTest_001"/>
        <method signature="TC_SignUpDDT_002.signUpTest(java.lang.String, java.lang.String, java.lang.String, java.lang.String, java.lang.String, java.lang.String, java.lang.String, java.lang.String, java.lang.String)[pri:0, instance:com.facebook.testCases.TC_SignUpDDT_002@3fc2959f]" name="signUpTest" class="com.facebook.testCases.TC_SignUpDDT_002"/>
      </group> <!-- master -->
    </groups>
    <test name="facebookTests" duration-ms="153114" started-at="2020-11-26T13:15:13 EST" finished-at="2020-11-26T13:17:46 EST">
      <class name="com.facebook.testCases.TC_HomePage_004">
        <test-method status="PASS" signature="setup(java.lang.String)[pri:0, instance:com.facebook.testCases.TC_HomePage_004@6989da5e]" name="setup" is-config="true" duration-ms="4043" started-at="2020-11-26T13:16:53 EST" finished-at="2020-11-26T13:16:57 EST">
          <params>
            <param index="0">
              <value>
                <![CDATA[chrome]]>
              </value>
            </param>
          </params>
          <reporter-output>
          </reporter-output>
        </test-method> <!-- setup -->
        <test-method status="FAIL" signature="HomePage()[pri:0, instance:com.facebook.testCases.TC_HomePage_004@6989da5e]" name="HomePage" duration-ms="49011" started-at="2020-11-26T13:16:57 EST" finished-at="2020-11-26T13:17:46 EST">
          <exception class="org.openqa.selenium.NoSuchElementException">
            <message>
              <![CDATA[no such element: Unable to locate element: {"method":"xpath","selector":"//div[@class='cwj9ozl2 j83agx80 pfnyh3mw taijpn5t dhxd5tqv hv4rvrfc f10w8fjw dati1w0a l9j0dhe7']"}
  (Session info: chrome=87.0.4280.66)
For documentation on this error, please visit: https://selenium.dev/exceptions/#no_such_element
Build info: version: '4.0.0-alpha-6', revision: '5f43a29cfc'
System info: host: 'LAPTOP-IIRF7F8F', ip: '192.168.4.29', os.name: 'Windows 10', os.arch: 'amd64', os.version: '10.0', java.version: '1.8.0_221'
Driver info: org.openqa.selenium.chrome.ChromeDriver
Capabilities {acceptInsecureCerts: false, browserName: chrome, browserVersion: 87.0.4280.66, chrome: {chromedriverVersion: 87.0.4280.20 (c99e81631faa0..., userDataDir: C:\Users\muhas\AppData\Loca...}, goog:chromeOptions: {debuggerAddress: localhost:65313}, javascriptEnabled: true, networkConnectionEnabled: false, pageLoadStrategy: normal, platform: WINDOWS, platformName: WINDOWS, proxy: Proxy(), setWindowRect: true, strictFileInteractability: false, timeouts: {implicit: 0, pageLoad: 300000, script: 30000}, unhandledPromptBehavior: dismiss and notify, webauthn:virtualAuthenticators: true}
Session ID: 63a01861e2e02694eabeaff34ad25e0e
*** Element info: {Using=xpath, value=//div[@class='cwj9ozl2 j83agx80 pfnyh3mw taijpn5t dhxd5tqv hv4rvrfc f10w8fjw dati1w0a l9j0dhe7']}]]>
            </message>
            <full-stacktrace>
              <![CDATA[org.openqa.selenium.NoSuchElementException: no such element: Unable to locate element: {"method":"xpath","selector":"//div[@class='cwj9ozl2 j83agx80 pfnyh3mw taijpn5t dhxd5tqv hv4rvrfc f10w8fjw dati1w0a l9j0dhe7']"}
  (Session info: chrome=87.0.4280.66)
For documentation on this error, please visit: https://selenium.dev/exceptions/#no_such_element
Build info: version: '4.0.0-alpha-6', revision: '5f43a29cfc'
System info: host: 'LAPTOP-IIRF7F8F', ip: '192.168.4.29', os.name: 'Windows 10', os.arch: 'amd64', os.version: '10.0', java.version: '1.8.0_221'
Driver info: org.openqa.selenium.chrome.ChromeDriver
Capabilities {acceptInsecureCerts: false, browserName: chrome, browserVersion: 87.0.4280.66, chrome: {chromedriverVersion: 87.0.4280.20 (c99e81631faa0..., userDataDir: C:\Users\muhas\AppData\Loca...}, goog:chromeOptions: {debuggerAddress: localhost:65313}, javascriptEnabled: true, networkConnectionEnabled: false, pageLoadStrategy: normal, platform: WINDOWS, platformName: WINDOWS, proxy: Proxy(), setWindowRect: true, strictFileInteractability: false, timeouts: {implicit: 0, pageLoad: 300000, script: 30000}, unhandledPromptBehavior: dismiss and notify, webauthn:virtualAuthenticators: true}
Session ID: 63a01861e2e02694eabeaff34ad25e0e
*** Element info: {Using=xpath, value=//div[@class='cwj9ozl2 j83agx80 pfnyh3mw taijpn5t dhxd5tqv hv4rvrfc f10w8fjw dati1w0a l9j0dhe7']}
at sun.reflect.NativeConstructorAccessorImpl.newInstance0(Native Method)
at sun.reflect.NativeConstructorAccessorImpl.newInstance(NativeConstructorAccessorImpl.java:62)
at sun.reflect.DelegatingConstructorAccessorImpl.newInstance(DelegatingConstructorAccessorImpl.java:45)
at java.lang.reflect.Constructor.newInstance(Constructor.java:423)
at org.openqa.selenium.remote.codec.w3c.W3CHttpResponseCodec.createException(W3CHttpResponseCodec.java:196)
at org.openqa.selenium.remote.codec.w3c.W3CHttpResponseCodec.decode(W3CHttpResponseCodec.java:129)
at org.openqa.selenium.remote.codec.w3c.W3CHttpResponseCodec.decode(W3CHttpResponseCodec.java:53)
at org.openqa.selenium.remote.HttpCommandExecutor.execute(HttpCommandExecutor.java:160)
at org.openqa.selenium.remote.service.DriverCommandExecutor.execute(DriverCommandExecutor.java:83)
at org.openqa.selenium.remote.RemoteWebDriver.execute(RemoteWebDriver.java:582)
at org.openqa.selenium.remote.RemoteWebDriver.findElement(RemoteWebDriver.java:333)
at org.openqa.selenium.remote.RemoteWebDriver.findElementByXPath(RemoteWebDriver.java:451)
at org.openqa.selenium.By$ByXPath.findElement(By.java:394)
at org.openqa.selenium.remote.RemoteWebDriver.findElement(RemoteWebDriver.java:325)
at org.openqa.selenium.support.pagefactory.DefaultElementLocator.findElement(DefaultElementLocator.java:70)
at org.openqa.selenium.support.pagefactory.internal.LocatingElementHandler.invoke(LocatingElementHandler.java:39)
at com.sun.proxy.$Proxy20.click(Unknown Source)
at com.facebook.pageObjects.HomePage.setCreatestory(HomePage.java:81)
at com.facebook.testCases.TC_HomePage_004.HomePage(TC_HomePage_004.java:34)
at sun.reflect.NativeMethodAccessorImpl.invoke0(Native Method)
at sun.reflect.NativeMethodAccessorImpl.invoke(NativeMethodAccessorImpl.java:62)
at sun.reflect.DelegatingMethodAccessorImpl.invoke(DelegatingMethodAccessorImpl.java:43)
at java.lang.reflect.Method.invoke(Method.java:498)
at org.testng.internal.MethodInvocationHelper.invokeMethod(MethodInvocationHelper.java:132)
at org.testng.internal.TestInvoker.invokeMethod(TestInvoker.java:599)
at org.testng.internal.TestInvoker.invokeTestMethod(TestInvoker.java:174)
at org.testng.internal.MethodRunner.runInSequence(MethodRunner.java:46)
at org.testng.internal.TestInvoker$MethodInvocationAgent.invoke(TestInvoker.java:822)
at org.testng.internal.TestInvoker.invokeTestMethods(TestInvoker.java:147)
at org.testng.internal.TestMethodWorker.invokeTestMethods(TestMethodWorker.java:146)
at org.testng.internal.TestMethodWorker.run(TestMethodWorker.java:128)
at java.util.ArrayList.forEach(ArrayList.java:1257)
at org.testng.TestRunner.privateRun(TestRunner.java:764)
at org.testng.TestRunner.run(TestRunner.java:585)
at org.testng.SuiteRunner.runTest(SuiteRunner.java:384)
at org.testng.SuiteRunner.access$000(SuiteRunner.java:28)
at org.testng.SuiteRunner$SuiteWorker.run(SuiteRunner.java:425)
at org.testng.internal.thread.ThreadUtil.lambda$execute$0(ThreadUtil.java:66)
at java.util.concurrent.FutureTask.run(FutureTask.java:266)
at java.util.concurrent.ThreadPoolExecutor.runWorker(ThreadPoolExecutor.java:1149)
at java.util.concurrent.ThreadPoolExecutor$Worker.run(ThreadPoolExecutor.java:624)
at java.lang.Thread.run(Thread.java:748)
]]>
            </full-stacktrace>
          </exception> <!-- org.openqa.selenium.NoSuchElementException -->
          <reporter-output>
          </reporter-output>
        </test-method> <!-- HomePage -->
        <test-method status="PASS" signature="tearDown()[pri:0, instance:com.facebook.testCases.TC_HomePage_004@6989da5e]" name="tearDown" is-config="true" duration-ms="281" started-at="2020-11-26T13:17:46 EST" finished-at="2020-11-26T13:17:46 EST">
          <reporter-output>
          </reporter-output>
        </test-method> <!-- tearDown -->
      </class> <!-- com.facebook.testCases.TC_HomePage_004 -->
      <class name="com.facebook.testCases.TC_LoginTest_003">
        <test-method status="PASS" signature="setup(java.lang.String)[pri:0, instance:com.facebook.testCases.TC_LoginTest_003@5aa9e4eb]" name="setup" is-config="true" duration-ms="4793" started-at="2020-11-26T13:16:32 EST" finished-at="2020-11-26T13:16:37 EST">
          <params>
            <param index="0">
              <value>
                <![CDATA[chrome]]>
              </value>
            </param>
          </params>
          <reporter-output>
          </reporter-output>
        </test-method> <!-- setup -->
        <test-method status="PASS" signature="LoginTest()[pri:0, instance:com.facebook.testCases.TC_LoginTest_003@5aa9e4eb]" name="LoginTest" duration-ms="15346" started-at="2020-11-26T13:16:37 EST" finished-at="2020-11-26T13:16:52 EST">
          <reporter-output>
          </reporter-output>
        </test-method> <!-- LoginTest -->
        <test-method status="PASS" signature="tearDown()[pri:0, instance:com.facebook.testCases.TC_LoginTest_003@5aa9e4eb]" name="tearDown" is-config="true" duration-ms="564" started-at="2020-11-26T13:16:52 EST" finished-at="2020-11-26T13:16:53 EST">
          <reporter-output>
          </reporter-output>
        </test-method> <!-- tearDown -->
      </class> <!-- com.facebook.testCases.TC_LoginTest_003 -->
      <class name="com.facebook.testCases.TC_SignUPTest_001">
        <test-method status="PASS" signature="setup(java.lang.String)[pri:0, instance:com.facebook.testCases.TC_SignUPTest_001@10683d9d]" name="setup" is-config="true" duration-ms="3925" started-at="2020-11-26T13:15:13 EST" finished-at="2020-11-26T13:15:17 EST">
          <params>
            <param index="0">
              <value>
                <![CDATA[chrome]]>
              </value>
            </param>
          </params>
          <reporter-output>
          </reporter-output>
        </test-method> <!-- setup -->
        <test-method status="PASS" signature="SignUPTest()[pri:0, instance:com.facebook.testCases.TC_SignUPTest_001@10683d9d]" name="SignUPTest" duration-ms="14982" started-at="2020-11-26T13:15:17 EST" finished-at="2020-11-26T13:15:32 EST">
          <reporter-output>
          </reporter-output>
        </test-method> <!-- SignUPTest -->
        <test-method status="PASS" signature="tearDown()[pri:0, instance:com.facebook.testCases.TC_SignUPTest_001@10683d9d]" name="tearDown" is-config="true" duration-ms="430" started-at="2020-11-26T13:15:32 EST" finished-at="2020-11-26T13:15:32 EST">
          <reporter-output>
          </reporter-output>
        </test-method> <!-- tearDown -->
      </class> <!-- com.facebook.testCases.TC_SignUPTest_001 -->
      <class name="com.facebook.testCases.TC_SignUpDDT_002">
        <test-method status="PASS" signature="setup(java.lang.String)[pri:0, instance:com.facebook.testCases.TC_SignUpDDT_002@3fc2959f]" name="setup" is-config="true" duration-ms="3503" started-at="2020-11-26T13:15:32 EST" finished-at="2020-11-26T13:15:36 EST">
          <params>
            <param index="0">
              <value>
                <![CDATA[chrome]]>
              </value>
            </param>
          </params>
          <reporter-output>
          </reporter-output>
        </test-method> <!-- setup -->
        <test-method status="PASS" signature="signUpTest(java.lang.String, java.lang.String, java.lang.String, java.lang.String, java.lang.String, java.lang.String, java.lang.String, java.lang.String, java.lang.String)[pri:0, instance:com.facebook.testCases.TC_SignUpDDT_002@3fc2959f]" name="signUpTest" duration-ms="15006" started-at="2020-11-26T13:15:36 EST" data-provider="SignUpData" finished-at="2020-11-26T13:15:51 EST">
          <params>
            <param index="0">
              <value>
                <![CDATA[Asif]]>
              </value>
            </param>
            <param index="1">
              <value>
                <![CDATA[Khan]]>
              </value>
            </param>
            <param index="2">
              <value>
                <![CDATA[khanasif.qa@gmail.com]]>
              </value>
            </param>
            <param index="3">
              <value>
                <![CDATA[Rabika2020@]]>
              </value>
            </param>
            <param index="4">
              <value>
                <![CDATA[Mar]]>
              </value>
            </param>
            <param index="5">
              <value>
                <![CDATA[4]]>
              </value>
            </param>
            <param index="6">
              <value>
                <![CDATA[1990]]>
              </value>
            </param>
            <param index="7">
              <value>
                <![CDATA[Male]]>
              </value>
            </param>
            <param index="8">
              <value>
                <![CDATA[Passed]]>
              </value>
            </param>
          </params>
          <reporter-output>
          </reporter-output>
        </test-method> <!-- signUpTest -->
        <test-method status="PASS" signature="signUpTest(java.lang.String, java.lang.String, java.lang.String, java.lang.String, java.lang.String, java.lang.String, java.lang.String, java.lang.String, java.lang.String)[pri:0, instance:com.facebook.testCases.TC_SignUpDDT_002@3fc2959f]" name="signUpTest" duration-ms="14118" started-at="2020-11-26T13:15:51 EST" data-provider="SignUpData" finished-at="2020-11-26T13:16:06 EST">
          <params>
            <param index="0">
              <value>
                <![CDATA[Asif]]>
              </value>
            </param>
            <param index="1">
              <value>
                <![CDATA[Khan]]>
              </value>
            </param>
            <param index="2">
              <value>
                <![CDATA[khanasif@gmail.com]]>
              </value>
            </param>
            <param index="3">
              <value>
                <![CDATA[Rabika2020@]]>
              </value>
            </param>
            <param index="4">
              <value>
                <![CDATA[Mar]]>
              </value>
            </param>
            <param index="5">
              <value>
                <![CDATA[4]]>
              </value>
            </param>
            <param index="6">
              <value>
                <![CDATA[1990]]>
              </value>
            </param>
            <param index="7">
              <value>
                <![CDATA[Male]]>
              </value>
            </param>
            <param index="8">
              <value>
                <![CDATA[failed]]>
              </value>
            </param>
          </params>
          <reporter-output>
          </reporter-output>
        </test-method> <!-- signUpTest -->
        <test-method status="PASS" signature="signUpTest(java.lang.String, java.lang.String, java.lang.String, java.lang.String, java.lang.String, java.lang.String, java.lang.String, java.lang.String, java.lang.String)[pri:0, instance:com.facebook.testCases.TC_SignUpDDT_002@3fc2959f]" name="signUpTest" duration-ms="13115" started-at="2020-11-26T13:16:06 EST" data-provider="SignUpData" finished-at="2020-11-26T13:16:19 EST">
          <params>
            <param index="0">
              <value>
                <![CDATA[Asif]]>
              </value>
            </param>
            <param index="1">
              <value>
                <![CDATA[Khan]]>
              </value>
            </param>
            <param index="2">
              <value>
                <![CDATA[khanasif.qa@gmail.com]]>
              </value>
            </param>
            <param index="3">
              <value>
                <![CDATA[Rabika2020]]>
              </value>
            </param>
            <param index="4">
              <value>
                <![CDATA[Mar]]>
              </value>
            </param>
            <param index="5">
              <value>
                <![CDATA[4]]>
              </value>
            </param>
            <param index="6">
              <value>
                <![CDATA[1990]]>
              </value>
            </param>
            <param index="7">
              <value>
                <![CDATA[Male]]>
              </value>
            </param>
            <param index="8">
              <value>
                <![CDATA[failed]]>
              </value>
            </param>
          </params>
          <reporter-output>
          </reporter-output>
        </test-method> <!-- signUpTest -->
        <test-method status="PASS" signature="signUpTest(java.lang.String, java.lang.String, java.lang.String, java.lang.String, java.lang.String, java.lang.String, java.lang.String, java.lang.String, java.lang.String)[pri:0, instance:com.facebook.testCases.TC_SignUpDDT_002@3fc2959f]" name="signUpTest" duration-ms="12970" started-at="2020-11-26T13:16:19 EST" data-provider="SignUpData" finished-at="2020-11-26T13:16:32 EST">
          <params>
            <param index="0">
              <value>
                <![CDATA[Asif]]>
              </value>
            </param>
            <param index="1">
              <value>
                <![CDATA[Kan]]>
              </value>
            </param>
            <param index="2">
              <value>
                <![CDATA[khanasif.qa@gmail.com]]>
              </value>
            </param>
            <param index="3">
              <value>
                <![CDATA[Rabika2020@]]>
              </value>
            </param>
            <param index="4">
              <value>
                <![CDATA[Mar]]>
              </value>
            </param>
            <param index="5">
              <value>
                <![CDATA[4]]>
              </value>
            </param>
            <param index="6">
              <value>
                <![CDATA[1990]]>
              </value>
            </param>
            <param index="7">
              <value>
                <![CDATA[Male]]>
              </value>
            </param>
            <param index="8">
              <value>
                <![CDATA[failed]]>
              </value>
            </param>
          </params>
          <reporter-output>
          </reporter-output>
        </test-method> <!-- signUpTest -->
        <test-method status="PASS" signature="tearDown()[pri:0, instance:com.facebook.testCases.TC_SignUpDDT_002@3fc2959f]" name="tearDown" is-config="true" duration-ms="306" started-at="2020-11-26T13:16:32 EST" finished-at="2020-11-26T13:16:32 EST">
          <reporter-output>
          </reporter-output>
        </test-method> <!-- tearDown -->
      </class> <!-- com.facebook.testCases.TC_SignUpDDT_002 -->
    </test> <!-- facebookTests -->
  </suite> <!-- facebook CrossBrowser Suite -->
  <suite name="facebook Group Suite" duration-ms="37464" started-at="2020-11-26T13:14:35 EST" finished-at="2020-11-26T13:15:12 EST">
    <groups>
      <group name="regression">
        <method signature="TC_LoginTest_003.LoginTest()[pri:0, instance:com.facebook.testCases.TC_LoginTest_003@1573f9fc]" name="LoginTest" class="com.facebook.testCases.TC_LoginTest_003"/>
        <method signature="TC_SignUPTest_001.SignUPTest()[pri:0, instance:com.facebook.testCases.TC_SignUPTest_001@6150c3ec]" name="SignUPTest" class="com.facebook.testCases.TC_SignUPTest_001"/>
      </group> <!-- regression -->
      <group name="sanity">
        <method signature="TC_LoginTest_003.LoginTest()[pri:0, instance:com.facebook.testCases.TC_LoginTest_003@1573f9fc]" name="LoginTest" class="com.facebook.testCases.TC_LoginTest_003"/>
        <method signature="TC_SignUPTest_001.SignUPTest()[pri:0, instance:com.facebook.testCases.TC_SignUPTest_001@6150c3ec]" name="SignUPTest" class="com.facebook.testCases.TC_SignUPTest_001"/>
      </group> <!-- sanity -->
      <group name="master">
        <method signature="TC_LoginTest_003.LoginTest()[pri:0, instance:com.facebook.testCases.TC_LoginTest_003@1573f9fc]" name="LoginTest" class="com.facebook.testCases.TC_LoginTest_003"/>
        <method signature="TC_SignUPTest_001.SignUPTest()[pri:0, instance:com.facebook.testCases.TC_SignUPTest_001@6150c3ec]" name="SignUPTest" class="com.facebook.testCases.TC_SignUPTest_001"/>
      </group> <!-- master -->
    </groups>
    <test name="facebookTests" duration-ms="37464" started-at="2020-11-26T13:14:35 EST" finished-at="2020-11-26T13:15:12 EST">
      <class name="com.facebook.testCases.TC_LoginTest_003">
        <test-method status="PASS" signature="setup(java.lang.String)[pri:0, instance:com.facebook.testCases.TC_LoginTest_003@1573f9fc]" name="setup" is-config="true" duration-ms="3845" started-at="2020-11-26T13:14:35 EST" finished-at="2020-11-26T13:14:39 EST">
          <params>
            <param index="0">
              <value>
                <![CDATA[chrome]]>
              </value>
            </param>
          </params>
          <reporter-output>
          </reporter-output>
        </test-method> <!-- setup -->
        <test-method status="PASS" signature="LoginTest()[pri:0, instance:com.facebook.testCases.TC_LoginTest_003@1573f9fc]" name="LoginTest" duration-ms="14524" started-at="2020-11-26T13:14:39 EST" finished-at="2020-11-26T13:14:53 EST">
          <reporter-output>
          </reporter-output>
        </test-method> <!-- LoginTest -->
        <test-method status="PASS" signature="tearDown()[pri:0, instance:com.facebook.testCases.TC_LoginTest_003@1573f9fc]" name="tearDown" is-config="true" duration-ms="595" started-at="2020-11-26T13:14:53 EST" finished-at="2020-11-26T13:14:54 EST">
          <reporter-output>
          </reporter-output>
        </test-method> <!-- tearDown -->
      </class> <!-- com.facebook.testCases.TC_LoginTest_003 -->
      <class name="com.facebook.testCases.TC_SignUPTest_001">
        <test-method status="PASS" signature="setup(java.lang.String)[pri:0, instance:com.facebook.testCases.TC_SignUPTest_001@6150c3ec]" name="setup" is-config="true" duration-ms="3962" started-at="2020-11-26T13:14:54 EST" finished-at="2020-11-26T13:14:58 EST">
          <params>
            <param index="0">
              <value>
                <![CDATA[chrome]]>
              </value>
            </param>
          </params>
          <reporter-output>
          </reporter-output>
        </test-method> <!-- setup -->
        <test-method status="PASS" signature="SignUPTest()[pri:0, instance:com.facebook.testCases.TC_SignUPTest_001@6150c3ec]" name="SignUPTest" duration-ms="13995" started-at="2020-11-26T13:14:58 EST" finished-at="2020-11-26T13:15:12 EST">
          <reporter-output>
          </reporter-output>
        </test-method> <!-- SignUPTest -->
        <test-method status="PASS" signature="tearDown()[pri:0, instance:com.facebook.testCases.TC_SignUPTest_001@6150c3ec]" name="tearDown" is-config="true" duration-ms="512" started-at="2020-11-26T13:15:12 EST" finished-at="2020-11-26T13:15:12 EST">
          <reporter-output>
          </reporter-output>
        </test-method> <!-- tearDown -->
      </class> <!-- com.facebook.testCases.TC_SignUPTest_001 -->
    </test> <!-- facebookTests -->
  </suite> <!-- facebook Group Suite -->
  <suite name="facebook Master Suite" duration-ms="211436" started-at="2020-11-26T13:11:02 EST" finished-at="2020-11-26T13:14:34 EST">
    <groups>
      <group name="regression">
        <method signature="TC_HomePage_004.HomePage()[pri:0, instance:com.facebook.testCases.TC_HomePage_004@6b2ea799]" name="HomePage" class="com.facebook.testCases.TC_HomePage_004"/>
        <method signature="TC_LoginTest_003.LoginTest()[pri:0, instance:com.facebook.testCases.TC_LoginTest_003@411f53a0]" name="LoginTest" class="com.facebook.testCases.TC_LoginTest_003"/>
        <method signature="TC_SignUPTest_001.SignUPTest()[pri:0, instance:com.facebook.testCases.TC_SignUPTest_001@36fc695d]" name="SignUPTest" class="com.facebook.testCases.TC_SignUPTest_001"/>
      </group> <!-- regression -->
      <group name="sanity">
        <method signature="TC_LoginTest_003.LoginTest()[pri:0, instance:com.facebook.testCases.TC_LoginTest_003@411f53a0]" name="LoginTest" class="com.facebook.testCases.TC_LoginTest_003"/>
        <method signature="TC_SignUPTest_001.SignUPTest()[pri:0, instance:com.facebook.testCases.TC_SignUPTest_001@36fc695d]" name="SignUPTest" class="com.facebook.testCases.TC_SignUPTest_001"/>
      </group> <!-- sanity -->
      <group name="master">
        <method signature="TC_Groups_005.GroupsPage()[pri:0, instance:com.facebook.testCases.TC_Groups_005@51399530]" name="GroupsPage" class="com.facebook.testCases.TC_Groups_005"/>
        <method signature="TC_HomePage_004.HomePage()[pri:0, instance:com.facebook.testCases.TC_HomePage_004@6b2ea799]" name="HomePage" class="com.facebook.testCases.TC_HomePage_004"/>
        <method signature="TC_LoginTest_003.LoginTest()[pri:0, instance:com.facebook.testCases.TC_LoginTest_003@411f53a0]" name="LoginTest" class="com.facebook.testCases.TC_LoginTest_003"/>
        <method signature="TC_SignUPTest_001.SignUPTest()[pri:0, instance:com.facebook.testCases.TC_SignUPTest_001@36fc695d]" name="SignUPTest" class="com.facebook.testCases.TC_SignUPTest_001"/>
        <method signature="TC_SignUpDDT_002.signUpTest(java.lang.String, java.lang.String, java.lang.String, java.lang.String, java.lang.String, java.lang.String, java.lang.String, java.lang.String, java.lang.String)[pri:0, instance:com.facebook.testCases.TC_SignUpDDT_002@2b71e916]" name="signUpTest" class="com.facebook.testCases.TC_SignUpDDT_002"/>
      </group> <!-- master -->
    </groups>
    <test name="facebookTests" duration-ms="211436" started-at="2020-11-26T13:11:02 EST" finished-at="2020-11-26T13:14:34 EST">
      <class name="com.facebook.testCases.TC_HomePage_004">
        <test-method status="PASS" signature="setup(java.lang.String)[pri:0, instance:com.facebook.testCases.TC_HomePage_004@6b2ea799]" name="setup" is-config="true" duration-ms="8465" started-at="2020-11-26T13:11:55 EST" finished-at="2020-11-26T13:12:03 EST">
          <params>
            <param index="0">
              <value>
                <![CDATA[chrome]]>
              </value>
            </param>
          </params>
          <reporter-output>
          </reporter-output>
        </test-method> <!-- setup -->
        <test-method status="FAIL" signature="HomePage()[pri:0, instance:com.facebook.testCases.TC_HomePage_004@6b2ea799]" name="HomePage" duration-ms="46901" started-at="2020-11-26T13:12:03 EST" finished-at="2020-11-26T13:12:50 EST">
          <exception class="org.openqa.selenium.NoSuchElementException">
            <message>
              <![CDATA[no such element: Unable to locate element: {"method":"xpath","selector":"//div[@class='cwj9ozl2 j83agx80 pfnyh3mw taijpn5t dhxd5tqv hv4rvrfc f10w8fjw dati1w0a l9j0dhe7']"}
  (Session info: chrome=87.0.4280.66)
For documentation on this error, please visit: https://selenium.dev/exceptions/#no_such_element
Build info: version: '4.0.0-alpha-6', revision: '5f43a29cfc'
System info: host: 'LAPTOP-IIRF7F8F', ip: '192.168.4.29', os.name: 'Windows 10', os.arch: 'amd64', os.version: '10.0', java.version: '1.8.0_221'
Driver info: org.openqa.selenium.chrome.ChromeDriver
Capabilities {acceptInsecureCerts: false, browserName: chrome, browserVersion: 87.0.4280.66, chrome: {chromedriverVersion: 87.0.4280.20 (c99e81631faa0..., userDataDir: C:\Users\muhas\AppData\Loca...}, goog:chromeOptions: {debuggerAddress: localhost:64868}, javascriptEnabled: true, networkConnectionEnabled: false, pageLoadStrategy: normal, platform: WINDOWS, platformName: WINDOWS, proxy: Proxy(), setWindowRect: true, strictFileInteractability: false, timeouts: {implicit: 0, pageLoad: 300000, script: 30000}, unhandledPromptBehavior: dismiss and notify, webauthn:virtualAuthenticators: true}
Session ID: 67da16fca6b14d345928d87d2223f205
*** Element info: {Using=xpath, value=//div[@class='cwj9ozl2 j83agx80 pfnyh3mw taijpn5t dhxd5tqv hv4rvrfc f10w8fjw dati1w0a l9j0dhe7']}]]>
            </message>
            <full-stacktrace>
              <![CDATA[org.openqa.selenium.NoSuchElementException: no such element: Unable to locate element: {"method":"xpath","selector":"//div[@class='cwj9ozl2 j83agx80 pfnyh3mw taijpn5t dhxd5tqv hv4rvrfc f10w8fjw dati1w0a l9j0dhe7']"}
  (Session info: chrome=87.0.4280.66)
For documentation on this error, please visit: https://selenium.dev/exceptions/#no_such_element
Build info: version: '4.0.0-alpha-6', revision: '5f43a29cfc'
System info: host: 'LAPTOP-IIRF7F8F', ip: '192.168.4.29', os.name: 'Windows 10', os.arch: 'amd64', os.version: '10.0', java.version: '1.8.0_221'
Driver info: org.openqa.selenium.chrome.ChromeDriver
Capabilities {acceptInsecureCerts: false, browserName: chrome, browserVersion: 87.0.4280.66, chrome: {chromedriverVersion: 87.0.4280.20 (c99e81631faa0..., userDataDir: C:\Users\muhas\AppData\Loca...}, goog:chromeOptions: {debuggerAddress: localhost:64868}, javascriptEnabled: true, networkConnectionEnabled: false, pageLoadStrategy: normal, platform: WINDOWS, platformName: WINDOWS, proxy: Proxy(), setWindowRect: true, strictFileInteractability: false, timeouts: {implicit: 0, pageLoad: 300000, script: 30000}, unhandledPromptBehavior: dismiss and notify, webauthn:virtualAuthenticators: true}
Session ID: 67da16fca6b14d345928d87d2223f205
*** Element info: {Using=xpath, value=//div[@class='cwj9ozl2 j83agx80 pfnyh3mw taijpn5t dhxd5tqv hv4rvrfc f10w8fjw dati1w0a l9j0dhe7']}
at sun.reflect.NativeConstructorAccessorImpl.newInstance0(Native Method)
at sun.reflect.NativeConstructorAccessorImpl.newInstance(NativeConstructorAccessorImpl.java:62)
at sun.reflect.DelegatingConstructorAccessorImpl.newInstance(DelegatingConstructorAccessorImpl.java:45)
at java.lang.reflect.Constructor.newInstance(Constructor.java:423)
at org.openqa.selenium.remote.codec.w3c.W3CHttpResponseCodec.createException(W3CHttpResponseCodec.java:196)
at org.openqa.selenium.remote.codec.w3c.W3CHttpResponseCodec.decode(W3CHttpResponseCodec.java:129)
at org.openqa.selenium.remote.codec.w3c.W3CHttpResponseCodec.decode(W3CHttpResponseCodec.java:53)
at org.openqa.selenium.remote.HttpCommandExecutor.execute(HttpCommandExecutor.java:160)
at org.openqa.selenium.remote.service.DriverCommandExecutor.execute(DriverCommandExecutor.java:83)
at org.openqa.selenium.remote.RemoteWebDriver.execute(RemoteWebDriver.java:582)
at org.openqa.selenium.remote.RemoteWebDriver.findElement(RemoteWebDriver.java:333)
at org.openqa.selenium.remote.RemoteWebDriver.findElementByXPath(RemoteWebDriver.java:451)
at org.openqa.selenium.By$ByXPath.findElement(By.java:394)
at org.openqa.selenium.remote.RemoteWebDriver.findElement(RemoteWebDriver.java:325)
at org.openqa.selenium.support.pagefactory.DefaultElementLocator.findElement(DefaultElementLocator.java:70)
at org.openqa.selenium.support.pagefactory.internal.LocatingElementHandler.invoke(LocatingElementHandler.java:39)
at com.sun.proxy.$Proxy20.click(Unknown Source)
at com.facebook.pageObjects.HomePage.setCreatestory(HomePage.java:81)
at com.facebook.testCases.TC_HomePage_004.HomePage(TC_HomePage_004.java:34)
at sun.reflect.NativeMethodAccessorImpl.invoke0(Native Method)
at sun.reflect.NativeMethodAccessorImpl.invoke(NativeMethodAccessorImpl.java:62)
at sun.reflect.DelegatingMethodAccessorImpl.invoke(DelegatingMethodAccessorImpl.java:43)
at java.lang.reflect.Method.invoke(Method.java:498)
at org.testng.internal.MethodInvocationHelper.invokeMethod(MethodInvocationHelper.java:132)
at org.testng.internal.TestInvoker.invokeMethod(TestInvoker.java:599)
at org.testng.internal.TestInvoker.invokeTestMethod(TestInvoker.java:174)
at org.testng.internal.MethodRunner.runInSequence(MethodRunner.java:46)
at org.testng.internal.TestInvoker$MethodInvocationAgent.invoke(TestInvoker.java:822)
at org.testng.internal.TestInvoker.invokeTestMethods(TestInvoker.java:147)
at org.testng.internal.TestMethodWorker.invokeTestMethods(TestMethodWorker.java:146)
at org.testng.internal.TestMethodWorker.run(TestMethodWorker.java:128)
at java.util.ArrayList.forEach(ArrayList.java:1257)
at org.testng.TestRunner.privateRun(TestRunner.java:764)
at org.testng.TestRunner.run(TestRunner.java:585)
at org.testng.SuiteRunner.runTest(SuiteRunner.java:384)
at org.testng.SuiteRunner.runSequentially(SuiteRunner.java:378)
at org.testng.SuiteRunner.privateRun(SuiteRunner.java:337)
at org.testng.SuiteRunner.run(SuiteRunner.java:286)
at org.testng.SuiteRunnerWorker.runSuite(SuiteRunnerWorker.java:53)
at org.testng.SuiteRunnerWorker.run(SuiteRunnerWorker.java:96)
at org.testng.TestNG.runSuitesSequentially(TestNG.java:1218)
at org.testng.TestNG.runSuitesLocally(TestNG.java:1140)
at org.testng.TestNG.runSuites(TestNG.java:1069)
at org.testng.TestNG.run(TestNG.java:1037)
at org.apache.maven.surefire.testng.TestNGExecutor.run(TestNGExecutor.java:284)
at org.apache.maven.surefire.testng.TestNGXmlTestSuite.execute(TestNGXmlTestSuite.java:75)
at org.apache.maven.surefire.testng.TestNGProvider.invoke(TestNGProvider.java:119)
at org.apache.maven.surefire.booter.ForkedBooter.runSuitesInProcess(ForkedBooter.java:428)
at org.apache.maven.surefire.booter.ForkedBooter.execute(ForkedBooter.java:162)
at org.apache.maven.surefire.booter.ForkedBooter.run(ForkedBooter.java:562)
at org.apache.maven.surefire.booter.ForkedBooter.main(ForkedBooter.java:548)
]]>
            </full-stacktrace>
          </exception> <!-- org.openqa.selenium.NoSuchElementException -->
          <reporter-output>
          </reporter-output>
        </test-method> <!-- HomePage -->
        <test-method status="PASS" signature="tearDown()[pri:0, instance:com.facebook.testCases.TC_HomePage_004@6b2ea799]" name="tearDown" is-config="true" duration-ms="367" started-at="2020-11-26T13:12:50 EST" finished-at="2020-11-26T13:12:51 EST">
          <reporter-output>
          </reporter-output>
        </test-method> <!-- tearDown -->
      </class> <!-- com.facebook.testCases.TC_HomePage_004 -->
      <class name="com.facebook.testCases.TC_LoginTest_003">
        <test-method status="PASS" signature="setup(java.lang.String)[pri:0, instance:com.facebook.testCases.TC_LoginTest_003@411f53a0]" name="setup" is-config="true" duration-ms="3928" started-at="2020-11-26T13:12:51 EST" finished-at="2020-11-26T13:12:55 EST">
          <params>
            <param index="0">
              <value>
                <![CDATA[chrome]]>
              </value>
            </param>
          </params>
          <reporter-output>
          </reporter-output>
        </test-method> <!-- setup -->
        <test-method status="PASS" signature="LoginTest()[pri:0, instance:com.facebook.testCases.TC_LoginTest_003@411f53a0]" name="LoginTest" duration-ms="14706" started-at="2020-11-26T13:12:55 EST" finished-at="2020-11-26T13:13:09 EST">
          <reporter-output>
          </reporter-output>
        </test-method> <!-- LoginTest -->
        <test-method status="PASS" signature="tearDown()[pri:0, instance:com.facebook.testCases.TC_LoginTest_003@411f53a0]" name="tearDown" is-config="true" duration-ms="508" started-at="2020-11-26T13:13:09 EST" finished-at="2020-11-26T13:13:10 EST">
          <reporter-output>
          </reporter-output>
        </test-method> <!-- tearDown -->
      </class> <!-- com.facebook.testCases.TC_LoginTest_003 -->
      <class name="com.facebook.testCases.TC_SignUPTest_001">
        <test-method status="PASS" signature="setup(java.lang.String)[pri:0, instance:com.facebook.testCases.TC_SignUPTest_001@36fc695d]" name="setup" is-config="true" duration-ms="3897" started-at="2020-11-26T13:14:14 EST" finished-at="2020-11-26T13:14:18 EST">
          <params>
            <param index="0">
              <value>
                <![CDATA[chrome]]>
              </value>
            </param>
          </params>
          <reporter-output>
          </reporter-output>
        </test-method> <!-- setup -->
        <test-method status="PASS" signature="SignUPTest()[pri:0, instance:com.facebook.testCases.TC_SignUPTest_001@36fc695d]" name="SignUPTest" duration-ms="15746" started-at="2020-11-26T13:14:18 EST" finished-at="2020-11-26T13:14:33 EST">
          <reporter-output>
          </reporter-output>
        </test-method> <!-- SignUPTest -->
        <test-method status="PASS" signature="tearDown()[pri:0, instance:com.facebook.testCases.TC_SignUPTest_001@36fc695d]" name="tearDown" is-config="true" duration-ms="369" started-at="2020-11-26T13:14:33 EST" finished-at="2020-11-26T13:14:34 EST">
          <reporter-output>
          </reporter-output>
        </test-method> <!-- tearDown -->
      </class> <!-- com.facebook.testCases.TC_SignUPTest_001 -->
      <class name="com.facebook.testCases.TC_Groups_005">
        <test-method status="PASS" signature="setup(java.lang.String)[pri:0, instance:com.facebook.testCases.TC_Groups_005@51399530]" name="setup" is-config="true" duration-ms="12770" started-at="2020-11-26T13:11:03 EST" finished-at="2020-11-26T13:11:15 EST">
          <params>
            <param index="0">
              <value>
                <![CDATA[chrome]]>
              </value>
            </param>
          </params>
          <reporter-output>
          </reporter-output>
        </test-method> <!-- setup -->
        <test-method status="FAIL" signature="GroupsPage()[pri:0, instance:com.facebook.testCases.TC_Groups_005@51399530]" name="GroupsPage" duration-ms="37869" started-at="2020-11-26T13:11:15 EST" finished-at="2020-11-26T13:11:53 EST">
          <exception class="org.openqa.selenium.StaleElementReferenceException">
            <message>
              <![CDATA[stale element reference: element is not attached to the page document
  (Session info: chrome=87.0.4280.66)
For documentation on this error, please visit: https://selenium.dev/exceptions/#stale_element_reference
Build info: version: '4.0.0-alpha-6', revision: '5f43a29cfc'
System info: host: 'LAPTOP-IIRF7F8F', ip: '192.168.4.29', os.name: 'Windows 10', os.arch: 'amd64', os.version: '10.0', java.version: '1.8.0_221'
Driver info: org.openqa.selenium.chrome.ChromeDriver
Capabilities {acceptInsecureCerts: false, browserName: chrome, browserVersion: 87.0.4280.66, chrome: {chromedriverVersion: 87.0.4280.20 (c99e81631faa0..., userDataDir: C:\Users\muhas\AppData\Loca...}, goog:chromeOptions: {debuggerAddress: localhost:64812}, javascriptEnabled: true, networkConnectionEnabled: false, pageLoadStrategy: normal, platform: WINDOWS, platformName: WINDOWS, proxy: Proxy(), setWindowRect: true, strictFileInteractability: false, timeouts: {implicit: 0, pageLoad: 300000, script: 30000}, unhandledPromptBehavior: dismiss and notify, webauthn:virtualAuthenticators: true}
Session ID: 7e2560205993e9869f77946e21d0a54c]]>
            </message>
            <full-stacktrace>
              <![CDATA[org.openqa.selenium.StaleElementReferenceException: stale element reference: element is not attached to the page document
  (Session info: chrome=87.0.4280.66)
For documentation on this error, please visit: https://selenium.dev/exceptions/#stale_element_reference
Build info: version: '4.0.0-alpha-6', revision: '5f43a29cfc'
System info: host: 'LAPTOP-IIRF7F8F', ip: '192.168.4.29', os.name: 'Windows 10', os.arch: 'amd64', os.version: '10.0', java.version: '1.8.0_221'
Driver info: org.openqa.selenium.chrome.ChromeDriver
Capabilities {acceptInsecureCerts: false, browserName: chrome, browserVersion: 87.0.4280.66, chrome: {chromedriverVersion: 87.0.4280.20 (c99e81631faa0..., userDataDir: C:\Users\muhas\AppData\Loca...}, goog:chromeOptions: {debuggerAddress: localhost:64812}, javascriptEnabled: true, networkConnectionEnabled: false, pageLoadStrategy: normal, platform: WINDOWS, platformName: WINDOWS, proxy: Proxy(), setWindowRect: true, strictFileInteractability: false, timeouts: {implicit: 0, pageLoad: 300000, script: 30000}, unhandledPromptBehavior: dismiss and notify, webauthn:virtualAuthenticators: true}
Session ID: 7e2560205993e9869f77946e21d0a54c
at sun.reflect.NativeConstructorAccessorImpl.newInstance0(Native Method)
at sun.reflect.NativeConstructorAccessorImpl.newInstance(NativeConstructorAccessorImpl.java:62)
at sun.reflect.DelegatingConstructorAccessorImpl.newInstance(DelegatingConstructorAccessorImpl.java:45)
at java.lang.reflect.Constructor.newInstance(Constructor.java:423)
at org.openqa.selenium.remote.codec.w3c.W3CHttpResponseCodec.createException(W3CHttpResponseCodec.java:196)
at org.openqa.selenium.remote.codec.w3c.W3CHttpResponseCodec.decode(W3CHttpResponseCodec.java:129)
at org.openqa.selenium.remote.codec.w3c.W3CHttpResponseCodec.decode(W3CHttpResponseCodec.java:53)
at org.openqa.selenium.remote.HttpCommandExecutor.execute(HttpCommandExecutor.java:160)
at org.openqa.selenium.remote.service.DriverCommandExecutor.execute(DriverCommandExecutor.java:83)
at org.openqa.selenium.remote.RemoteWebDriver.execute(RemoteWebDriver.java:582)
at org.openqa.selenium.remote.RemoteWebElement.execute(RemoteWebElement.java:316)
at org.openqa.selenium.remote.RemoteWebElement.click(RemoteWebElement.java:85)
at sun.reflect.NativeMethodAccessorImpl.invoke0(Native Method)
at sun.reflect.NativeMethodAccessorImpl.invoke(NativeMethodAccessorImpl.java:62)
at sun.reflect.DelegatingMethodAccessorImpl.invoke(DelegatingMethodAccessorImpl.java:43)
at java.lang.reflect.Method.invoke(Method.java:498)
at org.openqa.selenium.support.pagefactory.internal.LocatingElementHandler.invoke(LocatingElementHandler.java:52)
at com.sun.proxy.$Proxy20.click(Unknown Source)
at com.facebook.pageObjects.GroupsPage.clickcreatenewgroup(GroupsPage.java:83)
at com.facebook.testCases.TC_Groups_005.GroupsPage(TC_Groups_005.java:38)
at sun.reflect.NativeMethodAccessorImpl.invoke0(Native Method)
at sun.reflect.NativeMethodAccessorImpl.invoke(NativeMethodAccessorImpl.java:62)
at sun.reflect.DelegatingMethodAccessorImpl.invoke(DelegatingMethodAccessorImpl.java:43)
at java.lang.reflect.Method.invoke(Method.java:498)
at org.testng.internal.MethodInvocationHelper.invokeMethod(MethodInvocationHelper.java:132)
at org.testng.internal.TestInvoker.invokeMethod(TestInvoker.java:599)
at org.testng.internal.TestInvoker.invokeTestMethod(TestInvoker.java:174)
at org.testng.internal.MethodRunner.runInSequence(MethodRunner.java:46)
at org.testng.internal.TestInvoker$MethodInvocationAgent.invoke(TestInvoker.java:822)
at org.testng.internal.TestInvoker.invokeTestMethods(TestInvoker.java:147)
at org.testng.internal.TestMethodWorker.invokeTestMethods(TestMethodWorker.java:146)
at org.testng.internal.TestMethodWorker.run(TestMethodWorker.java:128)
at java.util.ArrayList.forEach(ArrayList.java:1257)
at org.testng.TestRunner.privateRun(TestRunner.java:764)
at org.testng.TestRunner.run(TestRunner.java:585)
at org.testng.SuiteRunner.runTest(SuiteRunner.java:384)
at org.testng.SuiteRunner.runSequentially(SuiteRunner.java:378)
at org.testng.SuiteRunner.privateRun(SuiteRunner.java:337)
at org.testng.SuiteRunner.run(SuiteRunner.java:286)
at org.testng.SuiteRunnerWorker.runSuite(SuiteRunnerWorker.java:53)
at org.testng.SuiteRunnerWorker.run(SuiteRunnerWorker.java:96)
at org.testng.TestNG.runSuitesSequentially(TestNG.java:1218)
at org.testng.TestNG.runSuitesLocally(TestNG.java:1140)
at org.testng.TestNG.runSuites(TestNG.java:1069)
at org.testng.TestNG.run(TestNG.java:1037)
at org.apache.maven.surefire.testng.TestNGExecutor.run(TestNGExecutor.java:284)
at org.apache.maven.surefire.testng.TestNGXmlTestSuite.execute(TestNGXmlTestSuite.java:75)
at org.apache.maven.surefire.testng.TestNGProvider.invoke(TestNGProvider.java:119)
at org.apache.maven.surefire.booter.ForkedBooter.runSuitesInProcess(ForkedBooter.java:428)
at org.apache.maven.surefire.booter.ForkedBooter.execute(ForkedBooter.java:162)
at org.apache.maven.surefire.booter.ForkedBooter.run(ForkedBooter.java:562)
at org.apache.maven.surefire.booter.ForkedBooter.main(ForkedBooter.java:548)
]]>
            </full-stacktrace>
          </exception> <!-- org.openqa.selenium.StaleElementReferenceException -->
          <reporter-output>
          </reporter-output>
        </test-method> <!-- GroupsPage -->
        <test-method status="PASS" signature="tearDown()[pri:0, instance:com.facebook.testCases.TC_Groups_005@51399530]" name="tearDown" is-config="true" duration-ms="1417" started-at="2020-11-26T13:11:54 EST" finished-at="2020-11-26T13:11:55 EST">
          <reporter-output>
          </reporter-output>
        </test-method> <!-- tearDown -->
      </class> <!-- com.facebook.testCases.TC_Groups_005 -->
      <class name="com.facebook.testCases.TC_SignUpDDT_002">
        <test-method status="PASS" signature="setup(java.lang.String)[pri:0, instance:com.facebook.testCases.TC_SignUpDDT_002@2b71e916]" name="setup" is-config="true" duration-ms="4184" started-at="2020-11-26T13:13:10 EST" finished-at="2020-11-26T13:13:14 EST">
          <params>
            <param index="0">
              <value>
                <![CDATA[chrome]]>
              </value>
            </param>
          </params>
          <reporter-output>
          </reporter-output>
        </test-method> <!-- setup -->
        <test-method status="PASS" signature="signUpTest(java.lang.String, java.lang.String, java.lang.String, java.lang.String, java.lang.String, java.lang.String, java.lang.String, java.lang.String, java.lang.String)[pri:0, instance:com.facebook.testCases.TC_SignUpDDT_002@2b71e916]" name="signUpTest" duration-ms="14091" started-at="2020-11-26T13:13:20 EST" data-provider="SignUpData" finished-at="2020-11-26T13:13:34 EST">
          <params>
            <param index="0">
              <value>
                <![CDATA[Asif]]>
              </value>
            </param>
            <param index="1">
              <value>
                <![CDATA[Khan]]>
              </value>
            </param>
            <param index="2">
              <value>
                <![CDATA[khanasif.qa@gmail.com]]>
              </value>
            </param>
            <param index="3">
              <value>
                <![CDATA[Rabika2020@]]>
              </value>
            </param>
            <param index="4">
              <value>
                <![CDATA[Mar]]>
              </value>
            </param>
            <param index="5">
              <value>
                <![CDATA[4]]>
              </value>
            </param>
            <param index="6">
              <value>
                <![CDATA[1990]]>
              </value>
            </param>
            <param index="7">
              <value>
                <![CDATA[Male]]>
              </value>
            </param>
            <param index="8">
              <value>
                <![CDATA[Passed]]>
              </value>
            </param>
          </params>
          <reporter-output>
          </reporter-output>
        </test-method> <!-- signUpTest -->
        <test-method status="PASS" signature="signUpTest(java.lang.String, java.lang.String, java.lang.String, java.lang.String, java.lang.String, java.lang.String, java.lang.String, java.lang.String, java.lang.String)[pri:0, instance:com.facebook.testCases.TC_SignUpDDT_002@2b71e916]" name="signUpTest" duration-ms="13083" started-at="2020-11-26T13:13:34 EST" data-provider="SignUpData" finished-at="2020-11-26T13:13:47 EST">
          <params>
            <param index="0">
              <value>
                <![CDATA[Asif]]>
              </value>
            </param>
            <param index="1">
              <value>
                <![CDATA[Khan]]>
              </value>
            </param>
            <param index="2">
              <value>
                <![CDATA[khanasif@gmail.com]]>
              </value>
            </param>
            <param index="3">
              <value>
                <![CDATA[Rabika2020@]]>
              </value>
            </param>
            <param index="4">
              <value>
                <![CDATA[Mar]]>
              </value>
            </param>
            <param index="5">
              <value>
                <![CDATA[4]]>
              </value>
            </param>
            <param index="6">
              <value>
                <![CDATA[1990]]>
              </value>
            </param>
            <param index="7">
              <value>
                <![CDATA[Male]]>
              </value>
            </param>
            <param index="8">
              <value>
                <![CDATA[failed]]>
              </value>
            </param>
          </params>
          <reporter-output>
          </reporter-output>
        </test-method> <!-- signUpTest -->
        <test-method status="PASS" signature="signUpTest(java.lang.String, java.lang.String, java.lang.String, java.lang.String, java.lang.String, java.lang.String, java.lang.String, java.lang.String, java.lang.String)[pri:0, instance:com.facebook.testCases.TC_SignUpDDT_002@2b71e916]" name="signUpTest" duration-ms="12985" started-at="2020-11-26T13:13:47 EST" data-provider="SignUpData" finished-at="2020-11-26T13:14:00 EST">
          <params>
            <param index="0">
              <value>
                <![CDATA[Asif]]>
              </value>
            </param>
            <param index="1">
              <value>
                <![CDATA[Khan]]>
              </value>
            </param>
            <param index="2">
              <value>
                <![CDATA[khanasif.qa@gmail.com]]>
              </value>
            </param>
            <param index="3">
              <value>
                <![CDATA[Rabika2020]]>
              </value>
            </param>
            <param index="4">
              <value>
                <![CDATA[Mar]]>
              </value>
            </param>
            <param index="5">
              <value>
                <![CDATA[4]]>
              </value>
            </param>
            <param index="6">
              <value>
                <![CDATA[1990]]>
              </value>
            </param>
            <param index="7">
              <value>
                <![CDATA[Male]]>
              </value>
            </param>
            <param index="8">
              <value>
                <![CDATA[failed]]>
              </value>
            </param>
          </params>
          <reporter-output>
          </reporter-output>
        </test-method> <!-- signUpTest -->
        <test-method status="PASS" signature="signUpTest(java.lang.String, java.lang.String, java.lang.String, java.lang.String, java.lang.String, java.lang.String, java.lang.String, java.lang.String, java.lang.String)[pri:0, instance:com.facebook.testCases.TC_SignUpDDT_002@2b71e916]" name="signUpTest" duration-ms="13317" started-at="2020-11-26T13:14:00 EST" data-provider="SignUpData" finished-at="2020-11-26T13:14:13 EST">
          <params>
            <param index="0">
              <value>
                <![CDATA[Asif]]>
              </value>
            </param>
            <param index="1">
              <value>
                <![CDATA[Kan]]>
              </value>
            </param>
            <param index="2">
              <value>
                <![CDATA[khanasif.qa@gmail.com]]>
              </value>
            </param>
            <param index="3">
              <value>
                <![CDATA[Rabika2020@]]>
              </value>
            </param>
            <param index="4">
              <value>
                <![CDATA[Mar]]>
              </value>
            </param>
            <param index="5">
              <value>
                <![CDATA[4]]>
              </value>
            </param>
            <param index="6">
              <value>
                <![CDATA[1990]]>
              </value>
            </param>
            <param index="7">
              <value>
                <![CDATA[Male]]>
              </value>
            </param>
            <param index="8">
              <value>
                <![CDATA[failed]]>
              </value>
            </param>
          </params>
          <reporter-output>
          </reporter-output>
        </test-method> <!-- signUpTest -->
        <test-method status="PASS" signature="tearDown()[pri:0, instance:com.facebook.testCases.TC_SignUpDDT_002@2b71e916]" name="tearDown" is-config="true" duration-ms="501" started-at="2020-11-26T13:14:13 EST" finished-at="2020-11-26T13:14:14 EST">
          <reporter-output>
          </reporter-output>
        </test-method> <!-- tearDown -->
      </class> <!-- com.facebook.testCases.TC_SignUpDDT_002 -->
    </test> <!-- facebookTests -->
  </suite> <!-- facebook Master Suite -->
</testng-results>
